0 info it worked if it ends with ok
1 verbose cli [ '/usr/bin/nodejs', '/usr/bin/npm', 'run', 'serve' ]
2 info using npm@3.5.2
3 info using node@v4.2.6
4 verbose run-script [ 'preserve', 'serve', 'postserve' ]
5 info lifecycle team-project-client@0.0.1~preserve: team-project-client@0.0.1
6 silly lifecycle team-project-client@0.0.1~preserve: no script for preserve, continuing
7 info lifecycle team-project-client@0.0.1~serve: team-project-client@0.0.1
8 verbose lifecycle team-project-client@0.0.1~serve: unsafe-perm in lifecycle true
9 verbose lifecycle team-project-client@0.0.1~serve: PATH: /usr/share/npm/bin/node-gyp-bin:/home/james/Documents/CS326/team-project-client-template/node_modules/.bin:/home/james/bin:/home/james/.local/bin:/usr/local/sbin:/usr/local/bin:/usr/sbin:/usr/bin:/sbin:/bin:/usr/games:/usr/local/games:/snap/bin
10 verbose lifecycle team-project-client@0.0.1~serve: CWD: /home/james/Documents/CS326/team-project-client-template
11 silly lifecycle team-project-client@0.0.1~serve: Args: [ '-c', 'webpack-dev-server --content-base build' ]
12 info lifecycle team-project-client@0.0.1~serve: Failed to exec serve script
13 verbose stack Error: team-project-client@0.0.1 serve: `webpack-dev-server --content-base build`
13 verbose stack spawn ENOENT
13 verbose stack     at ChildProcess.<anonymous> (/usr/share/npm/lib/utils/spawn.js:17:16)
13 verbose stack     at emitTwo (events.js:87:13)
13 verbose stack     at ChildProcess.emit (events.js:172:7)
13 verbose stack     at maybeClose (internal/child_process.js:821:16)
13 verbose stack     at Process.ChildProcess._handle.onexit (internal/child_process.js:211:5)
14 verbose pkgid team-project-client@0.0.1
15 verbose cwd /home/james/Documents/CS326/team-project-client-template
16 error Linux 4.4.0-45-generic
17 error argv "/usr/bin/nodejs" "/usr/bin/npm" "run" "serve"
18 error node v4.2.6
19 error npm  v3.5.2
20 error file sh
21 error code ELIFECYCLE
22 error errno ENOENT
23 error syscall spawn
24 error team-project-client@0.0.1 serve: `webpack-dev-server --content-base build`
24 error spawn ENOENT
25 error Failed at the team-project-client@0.0.1 serve script 'webpack-dev-server --content-base build'.
25 error Make sure you have the latest version of node.js and npm installed.
25 error If you do, this is most likely a problem with the team-project-client package,
25 error not with npm itself.
25 error Tell the author that this fails on your system:
25 error     webpack-dev-server --content-base build
25 error You can get information on how to open an issue for this project with:
25 error     npm bugs team-project-client
25 error Or if that isn't available, you can get their info via:
25 error     npm owner ls team-project-client
25 error There is likely additional logging output above.
26 verbose exit [ 1, true ]
